2023-05-23 01:04:19 DEBUG Horse: Создание Horse, имя [Эгоист}], скорость [200.0]
2023-05-23 01:04:19 DEBUG Horse: Создание Horse, имя [Эгоист}], скорость [200.0]
2023-05-23 01:04:19 DEBUG Horse: Создание Horse, имя [Эгоист}], скорость [200.0]
2023-05-23 01:04:19 DEBUG Horse: Создание Horse, имя [Эгоист}], скорость [200.0]
2023-05-23 01:10:50,188 DEBUG Horse: Создание Horse, имя [Эгоист}], скорость [200.0]
2023-05-23 01:10:50,226 DEBUG Horse: Создание Horse, имя [Эгоист}], скорость [200.0]
2023-05-23 01:10:50,244 DEBUG Horse: Создание Horse, имя [Эгоист}], скорость [200.0]
2023-05-23 01:10:50,249 DEBUG Horse: Создание Horse, имя [Эгоист}], скорость [200.0]
2023-05-23 01:15:10,742 DEBUG Horse: Создание Horse, имя [Эгоист], скорость [200.0]
2023-05-23 01:15:10,781 DEBUG Horse: Создание Horse, имя [Эгоист], скорость [200.0]
2023-05-23 01:15:10,787 DEBUG Horse: Создание Horse, имя [Эгоист], скорость [200.0]
2023-05-23 01:15:10,792 DEBUG Horse: Создание Horse, имя [Эгоист], скорость [200.0]
2023-05-23 01:15:43,311 DEBUG Horse: Создание Horse, имя [Буцефал], скорость [0.0]
2023-05-23 01:15:43,314 DEBUG Horse: Создание Horse, имя [Туз Пик], скорость [0.0]
2023-05-23 01:15:43,314 DEBUG Horse: Создание Horse, имя [Зефир], скорость [0.0]
2023-05-23 01:15:43,314 DEBUG Horse: Создание Horse, имя [Пожар], скорость [0.0]
2023-05-23 01:15:43,314 DEBUG Horse: Создание Horse, имя [Лобстер], скорость [0.0]
2023-05-23 01:15:43,314 DEBUG Horse: Создание Horse, имя [Пегас], скорость [0.0]
2023-05-23 01:15:43,314 DEBUG Horse: Создание Horse, имя [Вишня], скорость [0.0]
2023-05-23 01:15:43,316 DEBUG Hippodrome: Создание Hippodrome, лошадей [7]
2023-05-23 01:15:43,316 INFO  Main: Начало скачек. Количество участников: 7
2023-05-23 01:16:04,198 INFO  Main: Окончание скачек. Победитель: Вишня
2023-05-23 01:21:22,991 DEBUG Horse: Создание Horse, имя [Буцефал], скорость [0.0]
2023-05-23 01:21:22,994 DEBUG Horse: Создание Horse, имя [Туз Пик], скорость [0.0]
2023-05-23 01:21:22,994 DEBUG Horse: Создание Horse, имя [Зефир], скорость [0.0]
2023-05-23 01:21:22,994 DEBUG Horse: Создание Horse, имя [Пожар], скорость [0.0]
2023-05-23 01:21:22,994 DEBUG Horse: Создание Horse, имя [Лобстер], скорость [0.0]
2023-05-23 01:21:22,994 DEBUG Horse: Создание Horse, имя [Пегас], скорость [0.0]
2023-05-23 01:21:22,994 DEBUG Horse: Создание Horse, имя [Вишня], скорость [0.0]
2023-05-23 01:21:22,996 DEBUG Hippodrome: Создание Hippodrome, лошадей [7]
2023-05-23 01:21:22,996 INFO  Main: Начало скачек. Количество участников: 7
2023-05-23 01:21:41,795 DEBUG Horse: Создание Horse, имя [Буцефал], скорость [0.0]
2023-05-23 01:21:41,797 DEBUG Horse: Создание Horse, имя [Туз Пик], скорость [0.0]
2023-05-23 01:21:41,797 DEBUG Horse: Создание Horse, имя [Зефир], скорость [0.0]
2023-05-23 01:21:41,798 DEBUG Horse: Создание Horse, имя [Пожар], скорость [0.0]
2023-05-23 01:21:41,798 DEBUG Horse: Создание Horse, имя [Лобстер], скорость [0.0]
2023-05-23 01:21:41,798 DEBUG Horse: Создание Horse, имя [Пегас], скорость [0.0]
2023-05-23 01:21:41,798 DEBUG Horse: Создание Horse, имя [Вишня], скорость [0.0]
2023-05-23 01:21:41,799 DEBUG Hippodrome: Создание Hippodrome, лошадей [7]
2023-05-23 01:21:41,799 INFO  Main: Начало скачек. Количество участников: 7
2023-05-23 01:22:02,692 INFO  Main: Окончание скачек. Победитель: Вишня
2023-05-23 01:25:46,256 ERROR Hippodrome: Horses list is null
2023-05-23 01:25:46,268 ERROR Hippodrome: Horses list is empty
2023-05-23 01:25:46,272 ERROR Hippodrome: Horses list is empty
2023-05-23 01:25:46,275 ERROR Hippodrome: Horses list is null
2023-05-23 01:25:46,285 DEBUG Horse: Создание Horse, имя [Эгоист], скорость [200.0]
2023-05-23 01:25:46,285 DEBUG Horse: Создание Horse, имя [Чайка], скорость [300.0]
2023-05-23 01:25:46,286 DEBUG Horse: Создание Horse, имя [Либерал], скорость [500.0]
2023-05-23 01:25:46,286 DEBUG Horse: Создание Horse, имя [Эльбрус], скорость [350.0]
2023-05-23 01:25:46,286 DEBUG Horse: Создание Horse, имя [Лидер], скорость [250.0]
2023-05-23 01:25:46,286 DEBUG Hippodrome: Создание Hippodrome, лошадей [5]
2023-05-23 01:25:46,290 DEBUG Horse: Создание Horse, имя [name0], скорость [0.0]
2023-05-23 01:25:46,291 DEBUG Horse: Создание Horse, имя [name1], скорость [0.0]
2023-05-23 01:25:46,291 DEBUG Horse: Создание Horse, имя [name2], скорость [0.0]
2023-05-23 01:25:46,291 DEBUG Horse: Создание Horse, имя [name3], скорость [0.0]
2023-05-23 01:25:46,291 DEBUG Horse: Создание Horse, имя [name4], скорость [0.0]
2023-05-23 01:25:46,291 DEBUG Horse: Создание Horse, имя [name5], скорость [0.0]
2023-05-23 01:25:46,291 DEBUG Horse: Создание Horse, имя [name6], скорость [0.0]
2023-05-23 01:25:46,291 DEBUG Horse: Создание Horse, имя [name7], скорость [0.0]
2023-05-23 01:25:46,291 DEBUG Horse: Создание Horse, имя [name8], скорость [0.0]
2023-05-23 01:25:46,291 DEBUG Horse: Создание Horse, имя [name9], скорость [0.0]
2023-05-23 01:25:46,291 DEBUG Horse: Создание Horse, имя [name10], скорость [0.0]
2023-05-23 01:25:46,291 DEBUG Horse: Создание Horse, имя [name11], скорость [0.0]
2023-05-23 01:25:46,291 DEBUG Horse: Создание Horse, имя [name12], скорость [0.0]
2023-05-23 01:25:46,291 DEBUG Horse: Создание Horse, имя [name13], скорость [0.0]
2023-05-23 01:25:46,292 DEBUG Horse: Создание Horse, имя [name14], скорость [0.0]
2023-05-23 01:25:46,292 DEBUG Horse: Создание Horse, имя [name15], скорость [0.0]
2023-05-23 01:25:46,292 DEBUG Horse: Создание Horse, имя [name16], скорость [0.0]
2023-05-23 01:25:46,292 DEBUG Horse: Создание Horse, имя [name17], скорость [0.0]
2023-05-23 01:25:46,292 DEBUG Horse: Создание Horse, имя [name18], скорость [0.0]
2023-05-23 01:25:46,292 DEBUG Horse: Создание Horse, имя [name19], скорость [0.0]
2023-05-23 01:25:46,292 DEBUG Horse: Создание Horse, имя [name20], скорость [0.0]
2023-05-23 01:25:46,292 DEBUG Horse: Создание Horse, имя [name21], скорость [0.0]
2023-05-23 01:25:46,292 DEBUG Horse: Создание Horse, имя [name22], скорость [0.0]
2023-05-23 01:25:46,292 DEBUG Horse: Создание Horse, имя [name23], скорость [0.0]
2023-05-23 01:25:46,292 DEBUG Horse: Создание Horse, имя [name24], скорость [0.0]
2023-05-23 01:25:46,293 DEBUG Horse: Создание Horse, имя [name25], скорость [0.0]
2023-05-23 01:25:46,293 DEBUG Horse: Создание Horse, имя [name26], скорость [0.0]
2023-05-23 01:25:46,293 DEBUG Horse: Создание Horse, имя [name27], скорость [0.0]
2023-05-23 01:25:46,293 DEBUG Horse: Создание Horse, имя [name28], скорость [0.0]
2023-05-23 01:25:46,293 DEBUG Horse: Создание Horse, имя [name29], скорость [0.0]
2023-05-23 01:25:46,293 DEBUG Hippodrome: Создание Hippodrome, лошадей [30]
2023-05-23 01:25:47,077 DEBUG Hippodrome: Создание Hippodrome, лошадей [50]
2023-05-23 01:25:47,179 ERROR Horse: Distance is negative
2023-05-23 01:25:47,182 ERROR Horse: Speed is negative
2023-05-23 01:25:47,185 ERROR Horse: Name is null
2023-05-23 01:25:47,259 ERROR Horse: Name is null
2023-05-23 01:25:47,268 ERROR Horse: Name is null
2023-05-23 01:25:47,271 ERROR Horse: Name is null
2023-05-23 01:25:47,274 ERROR Horse: Name is null
2023-05-23 01:25:47,277 ERROR Horse: Name is null
2023-05-23 01:25:47,279 DEBUG Horse: Создание Horse, имя [Эгоист], скорость [12.0]
2023-05-23 01:25:47,281 DEBUG Horse: Создание Horse, имя [Эгоист], скорость [0.0]
2023-05-23 01:25:47,283 ERROR Horse: Distance is negative
2023-05-23 01:25:47,287 ERROR Horse: Name is null
2023-05-23 01:25:47,290 ERROR Horse: Name is null
2023-05-23 01:25:47,292 ERROR Horse: Name is null
2023-05-23 01:25:47,295 ERROR Horse: Name is null
2023-05-23 01:25:47,298 ERROR Horse: Name is null
2023-05-23 01:25:47,300 DEBUG Horse: Создание Horse, имя [Эгоист], скорость [200.0]
2023-05-23 01:25:47,302 ERROR Horse: Name is null
2023-05-23 01:25:47,317 DEBUG Horse: Создание Horse, имя [Эгоист], скорость [200.0]
2023-05-23 01:25:47,321 DEBUG Horse: Создание Horse, имя [Эгоист], скорость [200.0]
2023-05-23 01:25:47,324 DEBUG Horse: Создание Horse, имя [Эгоист], скорость [200.0]
2023-05-23 01:25:47,327 DEBUG Horse: Создание Horse, имя [Эгоист], скорость [200.0]
2023-05-23 01:25:47,328 DEBUG Horse: Создание Horse, имя [Эгоист], скорость [0.0]
2023-05-23 01:25:47,330 ERROR Horse: Speed is negative
2023-05-23 01:25:47,331 DEBUG Horse: Создание Horse, имя [Эгоист], скорость [200.0]
