2023-05-22 16:36:07 DEBUG Horse: Создание Horse, имя [Пегас}], скорость [0.0]
2023-05-22 16:36:07 DEBUG Horse: Создание Horse, имя [Вишня}], скорость [0.0]
2023-05-22 16:36:07 DEBUG Hippodrome: Создание Hippodrome, лошадей [7]
2023-05-22 16:36:07 INFO  Main: Начало скачек. Количество участников: 7
2023-05-22 16:36:28 INFO  Main: Окончание скачек. Победитель: Лобстер
2023-05-23 00:23:58 DEBUG Horse: Создание Horse, имя [Эгоист}], скорость [200.0]
2023-05-23 00:24:04 DEBUG Horse: Создание Horse, имя [name0}], скорость [0.0]
2023-05-23 00:24:04 DEBUG Horse: Создание Horse, имя [name1}], скорость [0.0]
2023-05-23 00:24:04 DEBUG Horse: Создание Horse, имя [name2}], скорость [0.0]
2023-05-23 00:24:04 DEBUG Horse: Создание Horse, имя [name3}], скорость [0.0]
2023-05-23 00:24:04 DEBUG Horse: Создание Horse, имя [name4}], скорость [0.0]
2023-05-23 00:24:04 DEBUG Horse: Создание Horse, имя [name5}], скорость [0.0]
2023-05-23 00:24:04 DEBUG Horse: Создание Horse, имя [name6}], скорость [0.0]
2023-05-23 00:24:04 DEBUG Horse: Создание Horse, имя [name7}], скорость [0.0]
2023-05-23 00:24:04 DEBUG Horse: Создание Horse, имя [name8}], скорость [0.0]
2023-05-23 00:24:04 DEBUG Horse: Создание Horse, имя [name9}], скорость [0.0]
2023-05-23 00:24:04 DEBUG Horse: Создание Horse, имя [name10}], скорость [0.0]
2023-05-23 00:24:04 DEBUG Horse: Создание Horse, имя [name11}], скорость [0.0]
2023-05-23 00:24:04 DEBUG Horse: Создание Horse, имя [name12}], скорость [0.0]
2023-05-23 00:24:04 DEBUG Horse: Создание Horse, имя [name13}], скорость [0.0]
2023-05-23 00:24:04 DEBUG Horse: Создание Horse, имя [name14}], скорость [0.0]
2023-05-23 00:24:04 DEBUG Horse: Создание Horse, имя [name15}], скорость [0.0]
2023-05-23 00:24:04 DEBUG Horse: Создание Horse, имя [name16}], скорость [0.0]
2023-05-23 00:24:04 DEBUG Horse: Создание Horse, имя [name17}], скорость [0.0]
2023-05-23 00:24:04 DEBUG Horse: Создание Horse, имя [name18}], скорость [0.0]
2023-05-23 00:24:04 DEBUG Horse: Создание Horse, имя [name19}], скорость [0.0]
2023-05-23 00:24:04 DEBUG Horse: Создание Horse, имя [name20}], скорость [0.0]
2023-05-23 00:24:04 DEBUG Horse: Создание Horse, имя [name21}], скорость [0.0]
2023-05-23 00:24:04 DEBUG Horse: Создание Horse, имя [name22}], скорость [0.0]
2023-05-23 00:24:04 DEBUG Horse: Создание Horse, имя [name23}], скорость [0.0]
2023-05-23 00:24:04 DEBUG Horse: Создание Horse, имя [name24}], скорость [0.0]
2023-05-23 00:24:04 DEBUG Horse: Создание Horse, имя [name25}], скорость [0.0]
2023-05-23 00:24:04 DEBUG Horse: Создание Horse, имя [name26}], скорость [0.0]
2023-05-23 00:24:04 DEBUG Horse: Создание Horse, имя [name27}], скорость [0.0]
2023-05-23 00:24:04 DEBUG Horse: Создание Horse, имя [name28}], скорость [0.0]
2023-05-23 00:24:04 DEBUG Horse: Создание Horse, имя [name29}], скорость [0.0]
2023-05-23 00:24:04 DEBUG Hippodrome: Создание Hippodrome, лошадей [30]
2023-05-23 00:31:59 DEBUG Hippodrome: Создание Hippodrome, лошадей [50]
2023-05-23 00:32:11 ERROR Hippodrome: Horses list is null
2023-05-23 00:32:11 ERROR Hippodrome: Horses list is empty
2023-05-23 00:32:11 ERROR Hippodrome: Horses list is empty
2023-05-23 00:32:11 ERROR Hippodrome: Horses list is null
2023-05-23 00:32:12 DEBUG Hippodrome: Создание Hippodrome, лошадей [50]
2023-05-23 00:32:12 DEBUG Horse: Создание Horse, имя [name0}], скорость [0.0]
2023-05-23 00:32:12 DEBUG Horse: Создание Horse, имя [name1}], скорость [0.0]
2023-05-23 00:32:12 DEBUG Horse: Создание Horse, имя [name2}], скорость [0.0]
2023-05-23 00:32:12 DEBUG Horse: Создание Horse, имя [name3}], скорость [0.0]
2023-05-23 00:32:12 DEBUG Horse: Создание Horse, имя [name4}], скорость [0.0]
2023-05-23 00:32:12 DEBUG Horse: Создание Horse, имя [name5}], скорость [0.0]
2023-05-23 00:32:12 DEBUG Horse: Создание Horse, имя [name6}], скорость [0.0]
2023-05-23 00:32:12 DEBUG Horse: Создание Horse, имя [name7}], скорость [0.0]
2023-05-23 00:32:12 DEBUG Horse: Создание Horse, имя [name8}], скорость [0.0]
2023-05-23 00:32:12 DEBUG Horse: Создание Horse, имя [name9}], скорость [0.0]
2023-05-23 00:32:12 DEBUG Horse: Создание Horse, имя [name10}], скорость [0.0]
2023-05-23 00:32:12 DEBUG Horse: Создание Horse, имя [name11}], скорость [0.0]
2023-05-23 00:32:12 DEBUG Horse: Создание Horse, имя [name12}], скорость [0.0]
2023-05-23 00:32:12 DEBUG Horse: Создание Horse, имя [name13}], скорость [0.0]
2023-05-23 00:32:12 DEBUG Horse: Создание Horse, имя [name14}], скорость [0.0]
2023-05-23 00:32:12 DEBUG Horse: Создание Horse, имя [name15}], скорость [0.0]
2023-05-23 00:32:12 DEBUG Horse: Создание Horse, имя [name16}], скорость [0.0]
2023-05-23 00:32:12 DEBUG Horse: Создание Horse, имя [name17}], скорость [0.0]
2023-05-23 00:32:12 DEBUG Horse: Создание Horse, имя [name18}], скорость [0.0]
2023-05-23 00:32:12 DEBUG Horse: Создание Horse, имя [name19}], скорость [0.0]
2023-05-23 00:32:12 DEBUG Horse: Создание Horse, имя [name20}], скорость [0.0]
2023-05-23 00:32:12 DEBUG Horse: Создание Horse, имя [name21}], скорость [0.0]
2023-05-23 00:32:12 DEBUG Horse: Создание Horse, имя [name22}], скорость [0.0]
2023-05-23 00:32:12 DEBUG Horse: Создание Horse, имя [name23}], скорость [0.0]
2023-05-23 00:32:12 DEBUG Horse: Создание Horse, имя [name24}], скорость [0.0]
2023-05-23 00:32:12 DEBUG Horse: Создание Horse, имя [name25}], скорость [0.0]
2023-05-23 00:32:12 DEBUG Horse: Создание Horse, имя [name26}], скорость [0.0]
2023-05-23 00:32:12 DEBUG Horse: Создание Horse, имя [name27}], скорость [0.0]
2023-05-23 00:32:12 DEBUG Horse: Создание Horse, имя [name28}], скорость [0.0]
2023-05-23 00:32:12 DEBUG Horse: Создание Horse, имя [name29}], скорость [0.0]
2023-05-23 00:32:12 DEBUG Hippodrome: Создание Hippodrome, лошадей [30]
2023-05-23 00:32:12 DEBUG Hippodrome: Создание Hippodrome, лошадей [50]
2023-05-23 00:32:12 ERROR Horse: Distance is negative
2023-05-23 00:32:12 ERROR Horse: Speed is negative
2023-05-23 00:32:12 ERROR Horse: Name is null
2023-05-23 00:32:12 ERROR Horse: Name is null
2023-05-23 00:32:12 ERROR Horse: Name is null
2023-05-23 00:32:12 ERROR Horse: Name is null
2023-05-23 00:32:12 ERROR Horse: Name is null
2023-05-23 00:32:12 ERROR Horse: Name is null
2023-05-23 00:32:12 DEBUG Horse: Создание Horse, имя [Эгоист}], скорость [12.0]
2023-05-23 00:32:12 DEBUG Horse: Создание Horse, имя [Эгоист}], скорость [0.0]
2023-05-23 00:32:12 ERROR Horse: Distance is negative
2023-05-23 00:32:12 ERROR Horse: Name is null
2023-05-23 00:32:12 ERROR Horse: Name is null
2023-05-23 00:32:12 ERROR Horse: Name is null
2023-05-23 00:32:12 ERROR Horse: Name is null
2023-05-23 00:32:12 ERROR Horse: Name is null
2023-05-23 00:32:12 DEBUG Horse: Создание Horse, имя [Эгоист}], скорость [200.0]
2023-05-23 00:32:12 ERROR Horse: Name is null
2023-05-23 00:32:12 DEBUG Horse: Создание Horse, имя [Эгоист}], скорость [200.0]
2023-05-23 00:32:12 DEBUG Horse: Создание Horse, имя [Эгоист}], скорость [0.0]
2023-05-23 00:32:12 ERROR Horse: Speed is negative
2023-05-23 00:32:12 DEBUG Horse: Создание Horse, имя [Эгоист}], скорость [200.0]
2023-05-23 00:34:54 DEBUG Horse: Создание Horse, имя [Эгоист}], скорость [0.0]
2023-05-23 00:46:14 DEBUG Horse: Создание Horse, имя [Эгоист}], скорость [0.0]
2023-05-23 00:46:14 DEBUG Horse: Создание Horse, имя [Чайка}], скорость [0.0]
2023-05-23 00:46:14 DEBUG Horse: Создание Horse, имя [Либерал}], скорость [0.0]
2023-05-23 00:46:14 DEBUG Horse: Создание Horse, имя [Эльбрус}], скорость [0.0]
2023-05-23 00:46:14 DEBUG Horse: Создание Horse, имя [Лидер}], скорость [0.0]
2023-05-23 00:46:14 DEBUG Hippodrome: Создание Hippodrome, лошадей [5]
2023-05-23 00:46:25 DEBUG Horse: Создание Horse, имя [Эгоист}], скорость [0.0]
2023-05-23 00:46:25 DEBUG Horse: Создание Horse, имя [Чайка}], скорость [0.0]
2023-05-23 00:46:25 DEBUG Horse: Создание Horse, имя [Либерал}], скорость [0.0]
2023-05-23 00:46:25 DEBUG Horse: Создание Horse, имя [Эльбрус}], скорость [0.0]
2023-05-23 00:46:25 DEBUG Horse: Создание Horse, имя [Лидер}], скорость [0.0]
2023-05-23 00:46:25 DEBUG Hippodrome: Создание Hippodrome, лошадей [5]
2023-05-23 00:46:59 DEBUG Horse: Создание Horse, имя [Эгоист}], скорость [200.0]
2023-05-23 00:46:59 DEBUG Horse: Создание Horse, имя [Чайка}], скорость [300.0]
2023-05-23 00:46:59 DEBUG Horse: Создание Horse, имя [Либерал}], скорость [500.0]
2023-05-23 00:46:59 DEBUG Horse: Создание Horse, имя [Эльбрус}], скорость [350.0]
2023-05-23 00:46:59 DEBUG Horse: Создание Horse, имя [Лидер}], скорость [250.0]
2023-05-23 00:46:59 DEBUG Hippodrome: Создание Hippodrome, лошадей [5]
2023-05-23 00:48:15 DEBUG Horse: Создание Horse, имя [Буцефал}], скорость [0.0]
2023-05-23 00:48:15 DEBUG Horse: Создание Horse, имя [Туз Пик}], скорость [0.0]
2023-05-23 00:48:15 DEBUG Horse: Создание Horse, имя [Зефир}], скорость [0.0]
2023-05-23 00:48:15 DEBUG Horse: Создание Horse, имя [Пожар}], скорость [0.0]
2023-05-23 00:48:15 DEBUG Horse: Создание Horse, имя [Лобстер}], скорость [0.0]
2023-05-23 00:48:15 DEBUG Horse: Создание Horse, имя [Пегас}], скорость [0.0]
2023-05-23 00:48:15 DEBUG Horse: Создание Horse, имя [Вишня}], скорость [0.0]
2023-05-23 00:48:15 DEBUG Hippodrome: Создание Hippodrome, лошадей [7]
2023-05-23 00:48:15 INFO  Main: Начало скачек. Количество участников: 7
2023-05-23 00:48:36 INFO  Main: Окончание скачек. Победитель: Вишня
2023-05-23 00:54:24 DEBUG Horse: Создание Horse, имя [Эгоист}], скорость [200.0]
2023-05-23 00:54:24 DEBUG Horse: Создание Horse, имя [Эгоист}], скорость [200.0]
2023-05-23 00:54:24 DEBUG Horse: Создание Horse, имя [Эгоист}], скорость [200.0]
2023-05-23 00:54:24 DEBUG Horse: Создание Horse, имя [Эгоист}], скорость [200.0]
2023-05-23 00:54:42 DEBUG Horse: Создание Horse, имя [Эгоист}], скорость [200.0]
2023-05-23 00:54:42 DEBUG Horse: Создание Horse, имя [Эгоист}], скорость [200.0]
2023-05-23 00:54:42 DEBUG Horse: Создание Horse, имя [Эгоист}], скорость [200.0]
2023-05-23 00:54:42 DEBUG Horse: Создание Horse, имя [Эгоист}], скорость [200.0]
2023-05-23 00:55:32 DEBUG Horse: Создание Horse, имя [Эгоист}], скорость [200.0]
2023-05-23 00:55:32 DEBUG Horse: Создание Horse, имя [Эгоист}], скорость [200.0]
2023-05-23 00:55:32 DEBUG Horse: Создание Horse, имя [Эгоист}], скорость [200.0]
2023-05-23 00:55:32 DEBUG Horse: Создание Horse, имя [Эгоист}], скорость [200.0]
2023-05-23 00:59:00 DEBUG Horse: Создание Horse, имя [Эгоист}], скорость [200.0]
2023-05-23 00:59:00 DEBUG Horse: Создание Horse, имя [Эгоист}], скорость [200.0]
2023-05-23 00:59:00 DEBUG Horse: Создание Horse, имя [Эгоист}], скорость [200.0]
2023-05-23 00:59:00 DEBUG Horse: Создание Horse, имя [Эгоист}], скорость [200.0]
